0 info it worked if it ends with ok
1 verbose cli [ '/home/elhendricks/.node/bin/node',
1 verbose cli   '/home/elhendricks/.node/bin/npm',
1 verbose cli   'start' ]
2 info using npm@3.10.8
3 info using node@v6.8.1
4 verbose run-script [ 'prestart', 'start', 'poststart' ]
5 info lifecycle image-gallery@1.0.0~prestart: image-gallery@1.0.0
6 silly lifecycle image-gallery@1.0.0~prestart: no script for prestart, continuing
7 info lifecycle image-gallery@1.0.0~start: image-gallery@1.0.0
8 verbose lifecycle image-gallery@1.0.0~start: unsafe-perm in lifecycle true
9 verbose lifecycle image-gallery@1.0.0~start: PATH: /home/elhendricks/.node/lib/node_modules/npm/bin/node-gyp-bin:/home/elhendricks/Projects/401/image-gallery/app/node_modules/.bin:/home/elhendricks/mongodb/mongodb-linux-x86_64-ubuntu1604-3.2.10/bin/:/home/elhendricks/.node/bin:/usr/local/heroku/bin:/home/elhendricks/bin:/home/elhendricks/.local/bin:/usr/local/sbin:/usr/local/bin:/usr/sbin:/usr/bin:/sbin:/bin:/usr/games:/usr/local/games:/snap/bin
10 verbose lifecycle image-gallery@1.0.0~start: CWD: /home/elhendricks/Projects/401/image-gallery/app
11 silly lifecycle image-gallery@1.0.0~start: Args: [ '-c', 'webpack-dev-server --inline' ]
12 silly lifecycle image-gallery@1.0.0~start: Returned: code: 1  signal: null
13 info lifecycle image-gallery@1.0.0~start: Failed to exec start script
14 verbose stack Error: image-gallery@1.0.0 start: `webpack-dev-server --inline`
14 verbose stack Exit status 1
14 verbose stack     at EventEmitter.<anonymous> (/home/elhendricks/.node/lib/node_modules/npm/lib/utils/lifecycle.js:255:16)
14 verbose stack     at emitTwo (events.js:106:13)
14 verbose stack     at EventEmitter.emit (events.js:191:7)
14 verbose stack     at ChildProcess.<anonymous> (/home/elhendricks/.node/lib/node_modules/npm/lib/utils/spawn.js:40:14)
14 verbose stack     at emitTwo (events.js:106:13)
14 verbose stack     at ChildProcess.emit (events.js:191:7)
14 verbose stack     at maybeClose (internal/child_process.js:877:16)
14 verbose stack     at Process.ChildProcess._handle.onexit (internal/child_process.js:226:5)
15 verbose pkgid image-gallery@1.0.0
16 verbose cwd /home/elhendricks/Projects/401/image-gallery/app
17 error Linux 4.4.0-53-generic
18 error argv "/home/elhendricks/.node/bin/node" "/home/elhendricks/.node/bin/npm" "start"
19 error node v6.8.1
20 error npm  v3.10.8
21 error code ELIFECYCLE
22 error image-gallery@1.0.0 start: `webpack-dev-server --inline`
22 error Exit status 1
23 error Failed at the image-gallery@1.0.0 start script 'webpack-dev-server --inline'.
23 error Make sure you have the latest version of node.js and npm installed.
23 error If you do, this is most likely a problem with the image-gallery package,
23 error not with npm itself.
23 error Tell the author that this fails on your system:
23 error     webpack-dev-server --inline
23 error You can get information on how to open an issue for this project with:
23 error     npm bugs image-gallery
23 error Or if that isn't available, you can get their info via:
23 error     npm owner ls image-gallery
23 error There is likely additional logging output above.
24 verbose exit [ 1, true ]
